<?xml version="1.0" encoding="UTF-8"?>
<coverage generated="1759796309">
  <project timestamp="1759796309" name="Clover Coverage">
    <package name="App\Enums">
      <file name="/var/www/html/app/Enums/IngredientCategory.php">
        <class name="App\Enums\IngredientCategory" namespace="App\Enums">
          <metrics complexity="7" methods="2" coveredmethods="1" conditionals="0" coveredconditionals="0" statements="8" coveredstatements="5" elements="10" coveredelements="6"/>
        </class>
        <line num="13" type="method" name="label" visibility="public" complexity="6" crap="8.83" count="1"/>
        <line num="15" type="stmt" count="1"/>
        <line num="16" type="stmt" count="1"/>
        <line num="17" type="stmt" count="0"/>
        <line num="18" type="stmt" count="0"/>
        <line num="19" type="stmt" count="0"/>
        <line num="20" type="stmt" count="1"/>
        <line num="21" type="stmt" count="1"/>
        <line num="24" type="method" name="values" visibility="public" complexity="1" crap="1" count="2"/>
        <line num="26" type="stmt" count="2"/>
        <metrics loc="29" ncloc="29" classes="1" methods="2" coveredmethods="1" conditionals="0" coveredconditionals="0" statements="8" coveredstatements="5" elements="10" coveredelements="6"/>
      </file>
      <file name="/var/www/html/app/Enums/OrderStatus.php">
        <class name="App\Enums\OrderStatus" namespace="App\Enums">
          <metrics complexity="15" methods="3" coveredmethods="1" conditionals="0" coveredconditionals="0" statements="17" coveredstatements="1" elements="20" coveredelements="2"/>
        </class>
        <line num="14" type="method" name="label" visibility="public" complexity="7" crap="56" count="0"/>
        <line num="16" type="stmt" count="0"/>
        <line num="17" type="stmt" count="0"/>
        <line num="18" type="stmt" count="0"/>
        <line num="19" type="stmt" count="0"/>
        <line num="20" type="stmt" count="0"/>
        <line num="21" type="stmt" count="0"/>
        <line num="22" type="stmt" count="0"/>
        <line num="23" type="stmt" count="0"/>
        <line num="26" type="method" name="values" visibility="public" complexity="1" crap="1" count="1"/>
        <line num="28" type="stmt" count="1"/>
        <line num="31" type="method" name="canTransitionTo" visibility="public" complexity="7" crap="56" count="0"/>
        <line num="33" type="stmt" count="0"/>
        <line num="34" type="stmt" count="0"/>
        <line num="35" type="stmt" count="0"/>
        <line num="36" type="stmt" count="0"/>
        <line num="37" type="stmt" count="0"/>
        <line num="38" type="stmt" count="0"/>
        <line num="39" type="stmt" count="0"/>
        <line num="40" type="stmt" count="0"/>
        <metrics loc="43" ncloc="43" classes="1" methods="3" coveredmethods="1" conditionals="0" coveredconditionals="0" statements="17" coveredstatements="1" elements="20" coveredelements="2"/>
      </file>
      <file name="/var/www/html/app/Enums/ProductionDay.php">
        <class name="App\Enums\ProductionDay" namespace="App\Enums">
          <metrics complexity="10" methods="5" coveredmethods="0" conditionals="0" coveredconditionals="0" statements="12" coveredstatements="0" elements="17" coveredelements="0"/>
        </class>
        <line num="10" type="method" name="label" visibility="public" complexity="3" crap="12" count="0"/>
        <line num="12" type="stmt" count="0"/>
        <line num="13" type="stmt" count="0"/>
        <line num="14" type="stmt" count="0"/>
        <line num="15" type="stmt" count="0"/>
        <line num="18" type="method" name="values" visibility="public" complexity="1" crap="2" count="0"/>
        <line num="20" type="stmt" count="0"/>
        <line num="26" type="method" name="toCarbonDay" visibility="public" complexity="3" crap="12" count="0"/>
        <line num="28" type="stmt" count="0"/>
        <line num="29" type="stmt" count="0"/>
        <line num="30" type="stmt" count="0"/>
        <line num="31" type="stmt" count="0"/>
        <line num="37" type="method" name="matchesDate" visibility="public" complexity="1" crap="2" count="0"/>
        <line num="39" type="stmt" count="0"/>
        <line num="45" type="method" name="nextOccurrence" visibility="public" complexity="2" crap="6" count="0"/>
        <line num="47" type="stmt" count="0"/>
        <line num="49" type="stmt" count="0"/>
        <metrics loc="52" ncloc="43" classes="1" methods="5" coveredmethods="0" conditionals="0" coveredconditionals="0" statements="12" coveredstatements="0" elements="17" coveredelements="0"/>
      </file>
    </package>
    <package name="App\Http\Controllers\Auth">
      <file name="/var/www/html/app/Http/Controllers/Auth/AuthenticatedSessionController.php">
        <class name="App\Http\Controllers\Auth\AuthenticatedSessionController" namespace="App\Http\Controllers\Auth">
          <metrics complexity="3" methods="3" coveredmethods="0" conditionals="0" coveredconditionals="0" statements="8" coveredstatements="0" elements="11" coveredelements="0"/>
        </class>
        <line num="17" type="method" name="create" visibility="public" complexity="1" crap="2" count="0"/>
        <line num="19" type="stmt" count="0"/>
        <line num="25" type="method" name="store" visibility="public" complexity="1" crap="2" count="0"/>
        <line num="27" type="stmt" count="0"/>
        <line num="29" type="stmt" count="0"/>
        <line num="31" type="stmt" count="0"/>
        <line num="37" type="method" name="destroy" visibility="public" complexity="1" crap="2" count="0"/>
        <line num="39" type="stmt" count="0"/>
        <line num="41" type="stmt" count="0"/>
        <line num="43" type="stmt" count="0"/>
        <line num="45" type="stmt" count="0"/>
        <metrics loc="48" ncloc="39" classes="1" methods="3" coveredmethods="0" conditionals="0" coveredconditionals="0" statements="8" coveredstatements="0" elements="11" coveredelements="0"/>
      </file>
      <file name="/var/www/html/app/Http/Controllers/Auth/ConfirmablePasswordController.php">
        <class name="App\Http\Controllers\Auth\ConfirmablePasswordController" namespace="App\Http\Controllers\Auth">
          <metrics complexity="3" methods="2" coveredmethods="0" conditionals="0" coveredconditionals="0" statements="10" coveredstatements="0" elements="12" coveredelements="0"/>
        </class>
        <line num="17" type="method" name="show" visibility="public" complexity="1" crap="2" count="0"/>
        <line num="19" type="stmt" count="0"/>
        <line num="25" type="method" name="store" visibility="public" complexity="2" crap="6" count="0"/>
        <line num="27" type="stmt" count="0"/>
        <line num="28" type="stmt" count="0"/>
        <line num="29" type="stmt" count="0"/>
        <line num="30" type="stmt" count="0"/>
        <line num="31" type="stmt" count="0"/>
        <line num="32" type="stmt" count="0"/>
        <line num="33" type="stmt" count="0"/>
        <line num="36" type="stmt" count="0"/>
        <line num="38" type="stmt" count="0"/>
        <metrics loc="41" ncloc="35" classes="1" methods="2" coveredmethods="0" conditionals="0" coveredconditionals="0" statements="10" coveredstatements="0" elements="12" coveredelements="0"/>
      </file>
      <file name="/var/www/html/app/Http/Controllers/Auth/EmailVerificationNotificationController.php">
        <class name="App\Http\Controllers\Auth\EmailVerificationNotificationController" namespace="App\Http\Controllers\Auth">
          <metrics complexity="2" methods="1" coveredmethods="0" conditionals="0" coveredconditionals="0" statements="4" coveredstatements="0" elements="5" coveredelements="0"/>
        </class>
        <line num="14" type="method" name="store" visibility="public" complexity="2" crap="6" count="0"/>
        <line num="16" type="stmt" count="0"/>
        <line num="17" type="stmt" count="0"/>
        <line num="20" type="stmt" count="0"/>
        <line num="22" type="stmt" count="0"/>
        <metrics loc="25" ncloc="22" classes="1" methods="1" coveredmethods="0" conditionals="0" coveredconditionals="0" statements="4" coveredstatements="0" elements="5" coveredelements="0"/>
      </file>
      <file name="/var/www/html/app/Http/Controllers/Auth/EmailVerificationPromptController.php">
        <class name="App\Http\Controllers\Auth\EmailVerificationPromptController" namespace="App\Http\Controllers\Auth">
          <metrics complexity="2" methods="1" coveredmethods="0" conditionals="0" coveredconditionals="0" statements="3" coveredstatements="0" elements="4" coveredelements="0"/>
        </class>
        <line num="15" type="method" name="__invoke" visibility="public" complexity="2" crap="6" count="0"/>
        <line num="17" type="stmt" count="0"/>
        <line num="18" type="stmt" count="0"/>
        <line num="19" type="stmt" count="0"/>
        <metrics loc="22" ncloc="19" classes="1" methods="1" coveredmethods="0" conditionals="0" coveredconditionals="0" statements="3" coveredstatements="0" elements="4" coveredelements="0"/>
      </file>
      <file name="/var/www/html/app/Http/Controllers/Auth/NewPasswordController.php">
        <class name="App\Http\Controllers\Auth\NewPasswordController" namespace="App\Http\Controllers\Auth">
          <metrics complexity="3" methods="2" coveredmethods="0" conditionals="0" coveredconditionals="0" statements="20" coveredstatements="0" elements="22" coveredelements="0"/>
        </class>
        <line num="21" type="method" name="create" visibility="public" complexity="1" crap="2" count="0"/>
        <line num="23" type="stmt" count="0"/>
        <line num="31" type="method" name="store" visibility="public" complexity="2" crap="6" count="0"/>
        <line num="33" type="stmt" count="0"/>
        <line num="34" type="stmt" count="0"/>
        <line num="35" type="stmt" count="0"/>
        <line num="36" type="stmt" count="0"/>
        <line num="37" type="stmt" count="0"/>
        <line num="42" type="stmt" count="0"/>
        <line num="43" type="stmt" count="0"/>
        <line num="44" type="stmt" count="0"/>
        <line num="45" type="stmt" count="0"/>
        <line num="46" type="stmt" count="0"/>
        <line num="47" type="stmt" count="0"/>
        <line num="48" type="stmt" count="0"/>
        <line num="50" type="stmt" count="0"/>
        <line num="51" type="stmt" count="0"/>
        <line num="52" type="stmt" count="0"/>
        <line num="57" type="stmt" count="0"/>
        <line num="58" type="stmt" count="0"/>
        <line num="59" type="stmt" count="0"/>
        <line num="60" type="stmt" count="0"/>
        <metrics loc="63" ncloc="49" classes="1" methods="2" coveredmethods="0" conditionals="0" coveredconditionals="0" statements="20" coveredstatements="0" elements="22" coveredelements="0"/>
      </file>
      <file name="/var/www/html/app/Http/Controllers/Auth/PasswordController.php">
        <class name="App\Http\Controllers\Auth\PasswordController" namespace="App\Http\Controllers\Auth">
          <metrics complexity="1" methods="1" coveredmethods="0" conditionals="0" coveredconditionals="0" statements="8" coveredstatements="0" elements="9" coveredelements="0"/>
        </class>
        <line num="16" type="method" name="update" visibility="public" complexity="1" crap="2" count="0"/>
        <line num="18" type="stmt" count="0"/>
        <line num="19" type="stmt" count="0"/>
        <line num="20" type="stmt" count="0"/>
        <line num="21" type="stmt" count="0"/>
        <line num="23" type="stmt" count="0"/>
        <line num="24" type="stmt" count="0"/>
        <line num="25" type="stmt" count="0"/>
        <line num="27" type="stmt" count="0"/>
        <metrics loc="30" ncloc="27" classes="1" methods="1" coveredmethods="0" conditionals="0" coveredconditionals="0" statements="8" coveredstatements="0" elements="9" coveredelements="0"/>
      </file>
      <file name="/var/www/html/app/Http/Controllers/Auth/PasswordResetLinkController.php">
        <class name="App\Http\Controllers\Auth\PasswordResetLinkController" namespace="App\Http\Controllers\Auth">
          <metrics complexity="3" methods="2" coveredmethods="0" conditionals="0" coveredconditionals="0" statements="11" coveredstatements="0" elements="13" coveredelements="0"/>
        </class>
        <line num="16" type="method" name="create" visibility="public" complexity="1" crap="2" count="0"/>
        <line num="18" type="stmt" count="0"/>
        <line num="26" type="method" name="store" visibility="public" complexity="2" crap="6" count="0"/>
        <line num="28" type="stmt" count="0"/>
        <line num="29" type="stmt" count="0"/>
        <line num="30" type="stmt" count="0"/>
        <line num="35" type="stmt" count="0"/>
        <line num="36" type="stmt" count="0"/>
        <line num="37" type="stmt" count="0"/>
        <line num="39" type="stmt" count="0"/>
        <line num="40" type="stmt" count="0"/>
        <line num="41" type="stmt" count="0"/>
        <line num="42" type="stmt" count="0"/>
        <metrics loc="45" ncloc="34" classes="1" methods="2" coveredmethods="0" conditionals="0" coveredconditionals="0" statements="11" coveredstatements="0" elements="13" coveredelements="0"/>
      </file>
      <file name="/var/www/html/app/Http/Controllers/Auth/RegisteredUserController.php">
        <class name="App\Http\Controllers\Auth\RegisteredUserController" namespace="App\Http\Controllers\Auth">
          <metrics complexity="2" methods="2" coveredmethods="0" conditionals="0" coveredconditionals="0" statements="14" coveredstatements="0" elements="16" coveredelements="0"/>
        </class>
        <line num="20" type="method" name="create" visibility="public" complexity="1" crap="2" count="0"/>
        <line num="22" type="stmt" count="0"/>
        <line num="30" type="method" name="store" visibility="public" complexity="1" crap="2" count="0"/>
        <line num="32" type="stmt" count="0"/>
        <line num="33" type="stmt" count="0"/>
        <line num="34" type="stmt" count="0"/>
        <line num="35" type="stmt" count="0"/>
        <line num="36" type="stmt" count="0"/>
        <line num="38" type="stmt" count="0"/>
        <line num="39" type="stmt" count="0"/>
        <line num="40" type="stmt" count="0"/>
        <line num="41" type="stmt" count="0"/>
        <line num="42" type="stmt" count="0"/>
        <line num="44" type="stmt" count="0"/>
        <line num="46" type="stmt" count="0"/>
        <line num="48" type="stmt" count="0"/>
        <metrics loc="51" ncloc="43" classes="1" methods="2" coveredmethods="0" conditionals="0" coveredconditionals="0" statements="14" coveredstatements="0" elements="16" coveredelements="0"/>
      </file>
      <file name="/var/www/html/app/Http/Controllers/Auth/VerifyEmailController.php">
        <class name="App\Http\Controllers\Auth\VerifyEmailController" namespace="App\Http\Controllers\Auth">
          <metrics complexity="3" methods="1" coveredmethods="0" conditionals="0" coveredconditionals="0" statements="5" coveredstatements="0" elements="6" coveredelements="0"/>
        </class>
        <line num="15" type="method" name="__invoke" visibility="public" complexity="3" crap="12" count="0"/>
        <line num="17" type="stmt" count="0"/>
        <line num="18" type="stmt" count="0"/>
        <line num="21" type="stmt" count="0"/>
        <line num="22" type="stmt" count="0"/>
        <line num="25" type="stmt" count="0"/>
        <metrics loc="28" ncloc="25" classes="1" methods="1" coveredmethods="0" conditionals="0" coveredconditionals="0" statements="5" coveredstatements="0" elements="6" coveredelements="0"/>
      </file>
    </package>
    <package name="App\Http\Controllers">
      <file name="/var/www/html/app/Http/Controllers/Controller.php">
        <class name="App\Http\Controllers\Controller" namespace="App\Http\Controllers">
          <metrics complexity="0" methods="0" coveredmethods="0" conditionals="0" coveredconditionals="0" statements="0" coveredstatements="0" elements="0" coveredelements="0"/>
        </class>
        <metrics loc="9" ncloc="8" classes="0" methods="0" coveredmethods="0" conditionals="0" coveredconditionals="0" statements="0" coveredstatements="0" elements="0" coveredelements="0"/>
      </file>
      <file name="/var/www/html/app/Http/Controllers/ExampleFeatureController.php">
        <class name="App\Http\Controllers\ExampleFeatureController" namespace="App\Http\Controllers">
          <metrics complexity="27" methods="13" coveredmethods="0" conditionals="0" coveredconditionals="0" statements="82" coveredstatements="0" elements="95" coveredelements="0"/>
        </class>
        <line num="18" type="method" name="__construct" visibility="public" complexity="1" crap="2" count="0"/>
        <line num="20" type="stmt" count="0"/>
        <line num="25" type="method" name="showBurritoBuilder" visibility="public" complexity="1" crap="2" count="0"/>
        <line num="28" type="stmt" count="0"/>
        <line num="31" type="stmt" count="0"/>
        <line num="34" type="stmt" count="0"/>
        <line num="37" type="stmt" count="0"/>
        <line num="38" type="stmt" count="0"/>
        <line num="39" type="stmt" count="0"/>
        <line num="40" type="stmt" count="0"/>
        <line num="41" type="stmt" count="0"/>
        <line num="43" type="stmt" count="0"/>
        <line num="44" type="stmt" count="0"/>
        <line num="45" type="stmt" count="0"/>
        <line num="46" type="stmt" count="0"/>
        <line num="47" type="stmt" count="0"/>
        <line num="48" type="stmt" count="0"/>
        <line num="54" type="method" name="processPayment" visibility="public" complexity="4" crap="20" count="0"/>
        <line num="57" type="stmt" count="0"/>
        <line num="59" type="stmt" count="0"/>
        <line num="60" type="stmt" count="0"/>
        <line num="61" type="stmt" count="0"/>
        <line num="62" type="stmt" count="0"/>
        <line num="65" type="stmt" count="0"/>
        <line num="67" type="stmt" count="0"/>
        <line num="68" type="stmt" count="0"/>
        <line num="69" type="stmt" count="0"/>
        <line num="70" type="stmt" count="0"/>
        <line num="74" type="stmt" count="0"/>
        <line num="75" type="stmt" count="0"/>
        <line num="78" type="stmt" count="0"/>
        <line num="84" type="method" name="getOrderingOptions" visibility="public" complexity="5" crap="30" count="0"/>
        <line num="86" type="stmt" count="0"/>
        <line num="89" type="stmt" count="0"/>
        <line num="90" type="stmt" count="0"/>
        <line num="91" type="stmt" count="0"/>
        <line num="92" type="stmt" count="0"/>
        <line num="93" type="stmt" count="0"/>
        <line num="94" type="stmt" count="0"/>
        <line num="95" type="stmt" count="0"/>
        <line num="99" type="stmt" count="0"/>
        <line num="100" type="stmt" count="0"/>
        <line num="103" type="stmt" count="0"/>
        <line num="104" type="stmt" count="0"/>
        <line num="108" type="stmt" count="0"/>
        <line num="109" type="stmt" count="0"/>
        <line num="112" type="stmt" count="0"/>
        <line num="118" type="method" name="getIngredientData" visibility="public" complexity="4" crap="20" count="0"/>
        <line num="120" type="stmt" count="0"/>
        <line num="121" type="stmt" count="0"/>
        <line num="122" type="stmt" count="0"/>
        <line num="125" type="stmt" count="0"/>
        <line num="126" type="stmt" count="0"/>
        <line num="130" type="stmt" count="0"/>
        <line num="131" type="stmt" count="0"/>
        <line num="135" type="stmt" count="0"/>
        <line num="136" type="stmt" count="0"/>
        <line num="139" type="stmt" count="0"/>
        <line num="145" type="method" name="showNotificationSettings" visibility="public" complexity="1" crap="2" count="0"/>
        <line num="147" type="stmt" count="0"/>
        <line num="149" type="stmt" count="0"/>
        <line num="150" type="stmt" count="0"/>
        <line num="151" type="stmt" count="0"/>
        <line num="152" type="stmt" count="0"/>
        <line num="153" type="stmt" count="0"/>
        <line num="154" type="stmt" count="0"/>
        <line num="160" type="method" name="adminDashboard" visibility="public" complexity="5" crap="30" count="0"/>
        <line num="163" type="stmt" count="0"/>
        <line num="164" type="stmt" count="0"/>
        <line num="165" type="stmt" count="0"/>
        <line num="166" type="stmt" count="0"/>
        <line num="167" type="stmt" count="0"/>
        <line num="168" type="stmt" count="0"/>
        <line num="170" type="stmt" count="0"/>
        <line num="171" type="stmt" count="0"/>
        <line num="174" type="stmt" count="0"/>
        <line num="176" type="stmt" count="0"/>
        <line num="177" type="stmt" count="0"/>
        <line num="180" type="stmt" count="0"/>
        <line num="181" type="stmt" count="0"/>
        <line num="184" type="stmt" count="0"/>
        <line num="185" type="stmt" count="0"/>
        <line num="188" type="stmt" count="0"/>
        <line num="193" type="method" name="processPaymentV1" visibility="private" complexity="1" crap="2" count="0"/>
        <line num="196" type="stmt" count="0"/>
        <line num="199" type="method" name="processPaymentV2" visibility="private" complexity="1" crap="2" count="0"/>
        <line num="202" type="stmt" count="0"/>
        <line num="205" type="method" name="getBasicIngredients" visibility="private" complexity="1" crap="2" count="0"/>
        <line num="207" type="stmt" count="0"/>
        <line num="210" type="method" name="getNutritionalData" visibility="private" complexity="1" crap="2" count="0"/>
        <line num="212" type="stmt" count="0"/>
        <line num="215" type="method" name="getAllergenData" visibility="private" complexity="1" crap="2" count="0"/>
        <line num="217" type="stmt" count="0"/>
        <line num="220" type="method" name="getPortionData" visibility="private" complexity="1" crap="2" count="0"/>
        <line num="222" type="stmt" count="0"/>
        <metrics loc="225" ncloc="187" classes="1" methods="13" coveredmethods="0" conditionals="0" coveredconditionals="0" statements="82" coveredstatements="0" elements="95" coveredelements="0"/>
      </file>
      <file name="/var/www/html/app/Http/Controllers/ProfileController.php">
        <class name="App\Http\Controllers\ProfileController" namespace="App\Http\Controllers">
          <metrics complexity="4" methods="3" coveredmethods="0" conditionals="0" coveredconditionals="0" statements="17" coveredstatements="0" elements="20" coveredelements="0"/>
        </class>
        <line num="17" type="method" name="edit" visibility="public" complexity="1" crap="2" count="0"/>
        <line num="19" type="stmt" count="0"/>
        <line num="20" type="stmt" count="0"/>
        <line num="21" type="stmt" count="0"/>
        <line num="27" type="method" name="update" visibility="public" complexity="2" crap="6" count="0"/>
        <line num="29" type="stmt" count="0"/>
        <line num="31" type="stmt" count="0"/>
        <line num="32" type="stmt" count="0"/>
        <line num="35" type="stmt" count="0"/>
        <line num="37" type="stmt" count="0"/>
        <line num="43" type="method" name="destroy" visibility="public" complexity="1" crap="2" count="0"/>
        <line num="45" type="stmt" count="0"/>
        <line num="46" type="stmt" count="0"/>
        <line num="47" type="stmt" count="0"/>
        <line num="49" type="stmt" count="0"/>
        <line num="51" type="stmt" count="0"/>
        <line num="53" type="stmt" count="0"/>
        <line num="55" type="stmt" count="0"/>
        <line num="56" type="stmt" count="0"/>
        <line num="58" type="stmt" count="0"/>
        <metrics loc="61" ncloc="52" classes="1" methods="3" coveredmethods="0" conditionals="0" coveredconditionals="0" statements="17" coveredstatements="0" elements="20" coveredelements="0"/>
      </file>
    </package>
    <package name="App\Http\Requests\Auth">
      <file name="/var/www/html/app/Http/Requests/Auth/LoginRequest.php">
        <class name="App\Http\Requests\Auth\LoginRequest" namespace="App\Http\Requests\Auth">
          <metrics complexity="7" methods="5" coveredmethods="0" conditionals="0" coveredconditionals="0" statements="23" coveredstatements="0" elements="28" coveredelements="0"/>
        </class>
        <line num="17" type="method" name="authorize" visibility="public" complexity="1" crap="2" count="0"/>
        <line num="19" type="stmt" count="0"/>
        <line num="27" type="method" name="rules" visibility="public" complexity="1" crap="2" count="0"/>
        <line num="29" type="stmt" count="0"/>
        <line num="30" type="stmt" count="0"/>
        <line num="31" type="stmt" count="0"/>
        <line num="32" type="stmt" count="0"/>
        <line num="40" type="method" name="authenticate" visibility="public" complexity="2" crap="6" count="0"/>
        <line num="42" type="stmt" count="0"/>
        <line num="44" type="stmt" count="0"/>
        <line num="45" type="stmt" count="0"/>
        <line num="47" type="stmt" count="0"/>
        <line num="48" type="stmt" count="0"/>
        <line num="49" type="stmt" count="0"/>
        <line num="52" type="stmt" count="0"/>
        <line num="60" type="method" name="ensureIsNotRateLimited" visibility="public" complexity="2" crap="6" count="0"/>
        <line num="62" type="stmt" count="0"/>
        <line num="63" type="stmt" count="0"/>
        <line num="66" type="stmt" count="0"/>
        <line num="68" type="stmt" count="0"/>
        <line num="70" type="stmt" count="0"/>
        <line num="71" type="stmt" count="0"/>
        <line num="72" type="stmt" count="0"/>
        <line num="73" type="stmt" count="0"/>
        <line num="74" type="stmt" count="0"/>
        <line num="75" type="stmt" count="0"/>
        <line num="81" type="method" name="throttleKey" visibility="public" complexity="1" crap="2" count="0"/>
        <line num="83" type="stmt" count="0"/>
        <metrics loc="86" ncloc="65" classes="1" methods="5" coveredmethods="0" conditionals="0" coveredconditionals="0" statements="23" coveredstatements="0" elements="28" coveredelements="0"/>
      </file>
    </package>
    <package name="App\Http\Requests">
      <file name="/var/www/html/app/Http/Requests/ProfileUpdateRequest.php">
        <class name="App\Http\Requests\ProfileUpdateRequest" namespace="App\Http\Requests">
          <metrics complexity="1" methods="1" coveredmethods="0" conditionals="0" coveredconditionals="0" statements="11" coveredstatements="0" elements="12" coveredelements="0"/>
        </class>
        <line num="16" type="method" name="rules" visibility="public" complexity="1" crap="2" count="0"/>
        <line num="18" type="stmt" count="0"/>
        <line num="19" type="stmt" count="0"/>
        <line num="20" type="stmt" count="0"/>
        <line num="21" type="stmt" count="0"/>
        <line num="22" type="stmt" count="0"/>
        <line num="23" type="stmt" count="0"/>
        <line num="24" type="stmt" count="0"/>
        <line num="25" type="stmt" count="0"/>
        <line num="26" type="stmt" count="0"/>
        <line num="27" type="stmt" count="0"/>
        <line num="28" type="stmt" count="0"/>
        <metrics loc="31" ncloc="26" classes="1" methods="1" coveredmethods="0" conditionals="0" coveredconditionals="0" statements="11" coveredstatements="0" elements="12" coveredelements="0"/>
      </file>
    </package>
    <package name="App\Models">
      <file name="/var/www/html/app/Models/Burrito.php">
        <class name="App\Models\Burrito" namespace="App\Models">
          <metrics complexity="6" methods="6" coveredmethods="0" conditionals="0" coveredconditionals="0" statements="8" coveredstatements="0" elements="14" coveredelements="0"/>
        </class>
        <line num="24" type="method" name="order" visibility="public" complexity="1" crap="2" count="0"/>
        <line num="26" type="stmt" count="0"/>
        <line num="29" type="method" name="ingredients" visibility="public" complexity="1" crap="2" count="0"/>
        <line num="31" type="stmt" count="0"/>
        <line num="32" type="stmt" count="0"/>
        <line num="33" type="stmt" count="0"/>
        <line num="39" type="method" name="getPrice" visibility="public" complexity="1" crap="2" count="0"/>
        <line num="41" type="stmt" count="0"/>
        <line num="47" type="method" name="getFormattedPrice" visibility="public" complexity="1" crap="2" count="0"/>
        <line num="49" type="stmt" count="0"/>
        <line num="55" type="method" name="getTotalPrice" visibility="public" complexity="1" crap="2" count="0"/>
        <line num="57" type="stmt" count="0"/>
        <line num="63" type="method" name="getFormattedTotalPrice" visibility="public" complexity="1" crap="2" count="0"/>
        <line num="65" type="stmt" count="0"/>
        <metrics loc="68" ncloc="56" classes="1" methods="6" coveredmethods="0" conditionals="0" coveredconditionals="0" statements="8" coveredstatements="0" elements="14" coveredelements="0"/>
      </file>
      <file name="/var/www/html/app/Models/Ingredient.php">
        <class name="App\Models\Ingredient" namespace="App\Models">
          <metrics complexity="51" methods="20" coveredmethods="15" conditionals="0" coveredconditionals="0" statements="86" coveredstatements="79" elements="106" coveredelements="94"/>
        </class>
        <line num="43" type="method" name="ingredientWeeks" visibility="public" complexity="1" crap="2" count="0"/>
        <line num="45" type="stmt" count="0"/>
        <line num="48" type="method" name="scopeActive" visibility="public" complexity="1" crap="2" count="0"/>
        <line num="50" type="stmt" count="0"/>
        <line num="53" type="method" name="scopeByCategory" visibility="public" complexity="1" crap="2" count="0"/>
        <line num="55" type="stmt" count="0"/>
        <line num="58" type="method" name="scopeOrdered" visibility="public" complexity="1" crap="2" count="0"/>
        <line num="60" type="stmt" count="0"/>
        <line num="68" type="method" name="getPortionWeight" visibility="public" complexity="1" crap="1" count="3"/>
        <line num="70" type="stmt" count="3"/>
        <line num="72" type="stmt" count="3"/>
        <line num="78" type="method" name="getPortionCalories" visibility="public" complexity="1" crap="1" count="1"/>
        <line num="80" type="stmt" count="1"/>
        <line num="82" type="stmt" count="1"/>
        <line num="88" type="method" name="getStandardPortionMultiplier" visibility="public" complexity="6" crap="6" count="1"/>
        <line num="90" type="stmt" count="1"/>
        <line num="91" type="stmt" count="1"/>
        <line num="92" type="stmt" count="1"/>
        <line num="93" type="stmt" count="1"/>
        <line num="94" type="stmt" count="1"/>
        <line num="95" type="stmt" count="1"/>
        <line num="96" type="stmt" count="1"/>
        <line num="102" type="method" name="validatePortionMultiplier" visibility="private" complexity="3" crap="3" count="3"/>
        <line num="104" type="stmt" count="3"/>
        <line num="105" type="stmt" count="1"/>
        <line num="108" type="stmt" count="3"/>
        <line num="109" type="stmt" count="1"/>
        <line num="118" type="method" name="isValidPortionSize" visibility="public" complexity="1" crap="1" count="1"/>
        <line num="120" type="stmt" count="1"/>
        <line num="126" type="method" name="getMaxPortionSize" visibility="public" complexity="6" crap="6" count="2"/>
        <line num="128" type="stmt" count="2"/>
        <line num="129" type="stmt" count="2"/>
        <line num="130" type="stmt" count="2"/>
        <line num="131" type="stmt" count="2"/>
        <line num="132" type="stmt" count="2"/>
        <line num="133" type="stmt" count="2"/>
        <line num="134" type="stmt" count="2"/>
        <line num="146" type="method" name="getBaseCost" visibility="public" complexity="2" crap="2" count="4"/>
        <line num="148" type="stmt" count="4"/>
        <line num="150" type="stmt" count="4"/>
        <line num="151" type="stmt" count="2"/>
        <line num="154" type="stmt" count="4"/>
        <line num="160" type="method" name="getPortionCost" visibility="public" complexity="1" crap="1" count="1"/>
        <line num="162" type="stmt" count="1"/>
        <line num="170" type="method" name="isAvailable" visibility="public" complexity="1" crap="1" count="1"/>
        <line num="172" type="stmt" count="1"/>
        <line num="178" type="method" name="getAvailabilityStatus" visibility="public" complexity="2" crap="2" count="1"/>
        <line num="180" type="stmt" count="1"/>
        <line num="181" type="stmt" count="1"/>
        <line num="182" type="stmt" count="1"/>
        <line num="183" type="stmt" count="1"/>
        <line num="191" type="method" name="getNutritionalFacts" visibility="public" complexity="1" crap="1" count="1"/>
        <line num="193" type="stmt" count="1"/>
        <line num="194" type="stmt" count="1"/>
        <line num="195" type="stmt" count="1"/>
        <line num="196" type="stmt" count="1"/>
        <line num="197" type="stmt" count="1"/>
        <line num="198" type="stmt" count="1"/>
        <line num="204" type="method" name="isDietaryCompliant" visibility="public" complexity="3" crap="3" count="1"/>
        <line num="206" type="stmt" count="1"/>
        <line num="208" type="stmt" count="1"/>
        <line num="209" type="stmt" count="1"/>
        <line num="210" type="stmt" count="1"/>
        <line num="214" type="stmt" count="1"/>
        <line num="220" type="method" name="hasAllergens" visibility="public" complexity="1" crap="1" count="1"/>
        <line num="222" type="stmt" count="1"/>
        <line num="224" type="stmt" count="1"/>
        <line num="232" type="method" name="getBusinessRules" visibility="public" complexity="6" crap="6" count="2"/>
        <line num="234" type="stmt" count="2"/>
        <line num="235" type="stmt" count="2"/>
        <line num="236" type="stmt" count="2"/>
        <line num="237" type="stmt" count="2"/>
        <line num="238" type="stmt" count="2"/>
        <line num="239" type="stmt" count="1"/>
        <line num="240" type="stmt" count="1"/>
        <line num="241" type="stmt" count="1"/>
        <line num="242" type="stmt" count="1"/>
        <line num="243" type="stmt" count="1"/>
        <line num="244" type="stmt" count="1"/>
        <line num="245" type="stmt" count="1"/>
        <line num="246" type="stmt" count="1"/>
        <line num="247" type="stmt" count="1"/>
        <line num="248" type="stmt" count="1"/>
        <line num="249" type="stmt" count="1"/>
        <line num="250" type="stmt" count="1"/>
        <line num="251" type="stmt" count="2"/>
        <line num="252" type="stmt" count="2"/>
        <line num="253" type="stmt" count="2"/>
        <line num="254" type="stmt" count="2"/>
        <line num="255" type="stmt" count="2"/>
        <line num="261" type="method" name="getMaxSelectionsPerBurrito" visibility="public" complexity="6" crap="6" count="2"/>
        <line num="263" type="stmt" count="2"/>
        <line num="264" type="stmt" count="2"/>
        <line num="265" type="stmt" count="1"/>
        <line num="266" type="stmt" count="1"/>
        <line num="267" type="stmt" count="1"/>
        <line num="268" type="stmt" count="2"/>
        <line num="269" type="stmt" count="2"/>
        <line num="275" type="method" name="getCategoryDescription" visibility="public" complexity="6" crap="8.83" count="1"/>
        <line num="277" type="stmt" count="1"/>
        <line num="278" type="stmt" count="1"/>
        <line num="279" type="stmt" count="0"/>
        <line num="280" type="stmt" count="0"/>
        <line num="281" type="stmt" count="0"/>
        <line num="282" type="stmt" count="1"/>
        <line num="283" type="stmt" count="1"/>
        <metrics loc="286" ncloc="230" classes="1" methods="20" coveredmethods="15" conditionals="0" coveredconditionals="0" statements="86" coveredstatements="79" elements="106" coveredelements="94"/>
      </file>
      <file name="/var/www/html/app/Models/Order.php">
        <class name="App\Models\Order" namespace="App\Models">
          <metrics complexity="70" methods="32" coveredmethods="0" conditionals="0" coveredconditionals="0" statements="201" coveredstatements="0" elements="233" coveredelements="0"/>
        </class>
        <line num="58" type="method" name="user" visibility="public" complexity="1" crap="2" count="0"/>
        <line num="60" type="stmt" count="0"/>
        <line num="63" type="method" name="productionSchedule" visibility="public" complexity="1" crap="2" count="0"/>
        <line num="65" type="stmt" count="0"/>
        <line num="68" type="method" name="burritos" visibility="public" complexity="1" crap="2" count="0"/>
        <line num="70" type="stmt" count="0"/>
        <line num="78" type="method" name="createOrder" visibility="public" complexity="1" crap="2" count="0"/>
        <line num="80" type="stmt" count="0"/>
        <line num="82" type="stmt" count="0"/>
        <line num="83" type="stmt" count="0"/>
        <line num="84" type="stmt" count="0"/>
        <line num="85" type="stmt" count="0"/>
        <line num="86" type="stmt" count="0"/>
        <line num="87" type="stmt" count="0"/>
        <line num="88" type="stmt" count="0"/>
        <line num="89" type="stmt" count="0"/>
        <line num="90" type="stmt" count="0"/>
        <line num="92" type="stmt" count="0"/>
        <line num="94" type="stmt" count="0"/>
        <line num="100" type="method" name="createGuestOrder" visibility="public" complexity="1" crap="2" count="0"/>
        <line num="102" type="stmt" count="0"/>
        <line num="104" type="stmt" count="0"/>
        <line num="105" type="stmt" count="0"/>
        <line num="106" type="stmt" count="0"/>
        <line num="107" type="stmt" count="0"/>
        <line num="108" type="stmt" count="0"/>
        <line num="109" type="stmt" count="0"/>
        <line num="110" type="stmt" count="0"/>
        <line num="111" type="stmt" count="0"/>
        <line num="112" type="stmt" count="0"/>
        <line num="114" type="stmt" count="0"/>
        <line num="116" type="stmt" count="0"/>
        <line num="122" type="method" name="validateOrderData" visibility="private" complexity="7" crap="56" count="0"/>
        <line num="124" type="stmt" count="0"/>
        <line num="125" type="stmt" count="0"/>
        <line num="128" type="stmt" count="0"/>
        <line num="129" type="stmt" count="0"/>
        <line num="132" type="stmt" count="0"/>
        <line num="133" type="stmt" count="0"/>
        <line num="137" type="stmt" count="0"/>
        <line num="138" type="stmt" count="0"/>
        <line num="139" type="stmt" count="0"/>
        <line num="140" type="stmt" count="0"/>
        <line num="150" type="method" name="isValidPhoneNumber" visibility="public" complexity="1" crap="2" count="0"/>
        <line num="153" type="stmt" count="0"/>
        <line num="156" type="stmt" count="0"/>
        <line num="162" type="method" name="normalizePhoneNumber" visibility="public" complexity="4" crap="20" count="0"/>
        <line num="164" type="stmt" count="0"/>
        <line num="166" type="stmt" count="0"/>
        <line num="167" type="stmt" count="0"/>
        <line num="168" type="stmt" count="0"/>
        <line num="169" type="stmt" count="0"/>
        <line num="172" type="stmt" count="0"/>
        <line num="180" type="method" name="canTransitionTo" visibility="public" complexity="1" crap="2" count="0"/>
        <line num="182" type="stmt" count="0"/>
        <line num="188" type="method" name="transitionTo" visibility="public" complexity="11" crap="132" count="0"/>
        <line num="190" type="stmt" count="0"/>
        <line num="191" type="stmt" count="0"/>
        <line num="192" type="stmt" count="0"/>
        <line num="193" type="stmt" count="0"/>
        <line num="196" type="stmt" count="0"/>
        <line num="197" type="stmt" count="0"/>
        <line num="200" type="stmt" count="0"/>
        <line num="201" type="stmt" count="0"/>
        <line num="202" type="stmt" count="0"/>
        <line num="203" type="stmt" count="0"/>
        <line num="204" type="stmt" count="0"/>
        <line num="205" type="stmt" count="0"/>
        <line num="206" type="stmt" count="0"/>
        <line num="207" type="stmt" count="0"/>
        <line num="210" type="stmt" count="0"/>
        <line num="211" type="stmt" count="0"/>
        <line num="212" type="stmt" count="0"/>
        <line num="213" type="stmt" count="0"/>
        <line num="216" type="stmt" count="0"/>
        <line num="222" type="method" name="getStatusHistory" visibility="public" complexity="6" crap="42" count="0"/>
        <line num="224" type="stmt" count="0"/>
        <line num="225" type="stmt" count="0"/>
        <line num="226" type="stmt" count="0"/>
        <line num="227" type="stmt" count="0"/>
        <line num="228" type="stmt" count="0"/>
        <line num="229" type="stmt" count="0"/>
        <line num="230" type="stmt" count="0"/>
        <line num="232" type="stmt" count="0"/>
        <line num="233" type="stmt" count="0"/>
        <line num="234" type="stmt" count="0"/>
        <line num="235" type="stmt" count="0"/>
        <line num="236" type="stmt" count="0"/>
        <line num="237" type="stmt" count="0"/>
        <line num="240" type="stmt" count="0"/>
        <line num="241" type="stmt" count="0"/>
        <line num="242" type="stmt" count="0"/>
        <line num="243" type="stmt" count="0"/>
        <line num="244" type="stmt" count="0"/>
        <line num="245" type="stmt" count="0"/>
        <line num="248" type="stmt" count="0"/>
        <line num="249" type="stmt" count="0"/>
        <line num="250" type="stmt" count="0"/>
        <line num="251" type="stmt" count="0"/>
        <line num="252" type="stmt" count="0"/>
        <line num="253" type="stmt" count="0"/>
        <line num="256" type="stmt" count="0"/>
        <line num="257" type="stmt" count="0"/>
        <line num="258" type="stmt" count="0"/>
        <line num="259" type="stmt" count="0"/>
        <line num="260" type="stmt" count="0"/>
        <line num="261" type="stmt" count="0"/>
        <line num="264" type="stmt" count="0"/>
        <line num="265" type="stmt" count="0"/>
        <line num="266" type="stmt" count="0"/>
        <line num="267" type="stmt" count="0"/>
        <line num="268" type="stmt" count="0"/>
        <line num="269" type="stmt" count="0"/>
        <line num="272" type="stmt" count="0"/>
        <line num="278" type="method" name="getStatusDisplay" visibility="public" complexity="7" crap="56" count="0"/>
        <line num="280" type="stmt" count="0"/>
        <line num="281" type="stmt" count="0"/>
        <line num="282" type="stmt" count="0"/>
        <line num="283" type="stmt" count="0"/>
        <line num="284" type="stmt" count="0"/>
        <line num="285" type="stmt" count="0"/>
        <line num="286" type="stmt" count="0"/>
        <line num="287" type="stmt" count="0"/>
        <line num="288" type="stmt" count="0"/>
        <line num="289" type="stmt" count="0"/>
        <line num="290" type="stmt" count="0"/>
        <line num="291" type="stmt" count="0"/>
        <line num="292" type="stmt" count="0"/>
        <line num="293" type="stmt" count="0"/>
        <line num="294" type="stmt" count="0"/>
        <line num="295" type="stmt" count="0"/>
        <line num="296" type="stmt" count="0"/>
        <line num="297" type="stmt" count="0"/>
        <line num="298" type="stmt" count="0"/>
        <line num="299" type="stmt" count="0"/>
        <line num="300" type="stmt" count="0"/>
        <line num="301" type="stmt" count="0"/>
        <line num="302" type="stmt" count="0"/>
        <line num="303" type="stmt" count="0"/>
        <line num="304" type="stmt" count="0"/>
        <line num="305" type="stmt" count="0"/>
        <line num="306" type="stmt" count="0"/>
        <line num="307" type="stmt" count="0"/>
        <line num="308" type="stmt" count="0"/>
        <line num="309" type="stmt" count="0"/>
        <line num="310" type="stmt" count="0"/>
        <line num="311" type="stmt" count="0"/>
        <line num="312" type="stmt" count="0"/>
        <line num="313" type="stmt" count="0"/>
        <line num="314" type="stmt" count="0"/>
        <line num="315" type="stmt" count="0"/>
        <line num="316" type="stmt" count="0"/>
        <line num="317" type="stmt" count="0"/>
        <line num="318" type="stmt" count="0"/>
        <line num="319" type="stmt" count="0"/>
        <line num="320" type="stmt" count="0"/>
        <line num="321" type="stmt" count="0"/>
        <line num="322" type="stmt" count="0"/>
        <line num="323" type="stmt" count="0"/>
        <line num="331" type="method" name="canAcceptOrder" visibility="public" complexity="2" crap="6" count="0"/>
        <line num="333" type="stmt" count="0"/>
        <line num="339" type="method" name="reserveProductionCapacity" visibility="private" complexity="2" crap="6" count="0"/>
        <line num="341" type="stmt" count="0"/>
        <line num="342" type="stmt" count="0"/>
        <line num="343" type="stmt" count="0"/>
        <line num="350" type="method" name="releaseProductionCapacity" visibility="private" complexity="2" crap="6" count="0"/>
        <line num="352" type="stmt" count="0"/>
        <line num="353" type="stmt" count="0"/>
        <line num="354" type="stmt" count="0"/>
        <line num="363" type="method" name="generateOrderNumber" visibility="public" complexity="1" crap="2" count="0"/>
        <line num="365" type="stmt" count="0"/>
        <line num="366" type="stmt" count="0"/>
        <line num="368" type="stmt" count="0"/>
        <line num="374" type="method" name="generateReadableSuffix" visibility="private" complexity="1" crap="2" count="0"/>
        <line num="377" type="stmt" count="0"/>
        <line num="379" type="stmt" count="0"/>
        <line num="387" type="method" name="calculateTotals" visibility="public" complexity="1" crap="2" count="0"/>
        <line num="390" type="stmt" count="0"/>
        <line num="391" type="stmt" count="0"/>
        <line num="394" type="stmt" count="0"/>
        <line num="395" type="stmt" count="0"/>
        <line num="398" type="stmt" count="0"/>
        <line num="399" type="stmt" count="0"/>
        <line num="405" type="method" name="getSubtotal" visibility="public" complexity="1" crap="2" count="0"/>
        <line num="407" type="stmt" count="0"/>
        <line num="413" type="method" name="getFormattedSubtotal" visibility="public" complexity="1" crap="2" count="0"/>
        <line num="415" type="stmt" count="0"/>
        <line num="418" type="method" name="getFormattedTax" visibility="public" complexity="1" crap="2" count="0"/>
        <line num="420" type="stmt" count="0"/>
        <line num="423" type="method" name="getFormattedTotal" visibility="public" complexity="1" crap="2" count="0"/>
        <line num="425" type="stmt" count="0"/>
        <line num="433" type="method" name="isGuestOrder" visibility="public" complexity="1" crap="2" count="0"/>
        <line num="435" type="stmt" count="0"/>
        <line num="441" type="method" name="isAuthenticatedOrder" visibility="public" complexity="1" crap="2" count="0"/>
        <line num="443" type="stmt" count="0"/>
        <line num="449" type="method" name="getCustomerName" visibility="public" complexity="1" crap="2" count="0"/>
        <line num="451" type="stmt" count="0"/>
        <line num="459" type="method" name="getMobileSummary" visibility="public" complexity="1" crap="2" count="0"/>
        <line num="461" type="stmt" count="0"/>
        <line num="462" type="stmt" count="0"/>
        <line num="463" type="stmt" count="0"/>
        <line num="464" type="stmt" count="0"/>
        <line num="465" type="stmt" count="0"/>
        <line num="466" type="stmt" count="0"/>
        <line num="467" type="stmt" count="0"/>
        <line num="468" type="stmt" count="0"/>
        <line num="474" type="method" name="getPickupInstructions" visibility="public" complexity="1" crap="2" count="0"/>
        <line num="476" type="stmt" count="0"/>
        <line num="477" type="stmt" count="0"/>
        <line num="478" type="stmt" count="0"/>
        <line num="479" type="stmt" count="0"/>
        <line num="480" type="stmt" count="0"/>
        <line num="481" type="stmt" count="0"/>
        <line num="482" type="stmt" count="0"/>
        <line num="483" type="stmt" count="0"/>
        <line num="489" type="method" name="getEstimatedReadyTime" visibility="public" complexity="6" crap="42" count="0"/>
        <line num="491" type="stmt" count="0"/>
        <line num="492" type="stmt" count="0"/>
        <line num="493" type="stmt" count="0"/>
        <line num="494" type="stmt" count="0"/>
        <line num="495" type="stmt" count="0"/>
        <line num="496" type="stmt" count="0"/>
        <line num="497" type="stmt" count="0"/>
        <line num="502" type="method" name="scopeForUser" visibility="public" complexity="1" crap="2" count="0"/>
        <line num="504" type="stmt" count="0"/>
        <line num="507" type="method" name="scopeGuest" visibility="public" complexity="1" crap="2" count="0"/>
        <line num="509" type="stmt" count="0"/>
        <line num="512" type="method" name="scopeWithStatus" visibility="public" complexity="1" crap="2" count="0"/>
        <line num="514" type="stmt" count="0"/>
        <line num="517" type="method" name="scopeForProductionDate" visibility="public" complexity="1" crap="2" count="0"/>
        <line num="519" type="stmt" count="0"/>
        <line num="520" type="stmt" count="0"/>
        <line num="521" type="stmt" count="0"/>
        <metrics loc="524" ncloc="435" classes="1" methods="32" coveredmethods="0" conditionals="0" coveredconditionals="0" statements="201" coveredstatements="0" elements="233" coveredelements="0"/>
      </file>
      <file name="/var/www/html/app/Models/ProductionSchedule.php">
        <class name="App\Models\ProductionSchedule" namespace="App\Models">
          <metrics complexity="40" methods="20" coveredmethods="0" conditionals="0" coveredconditionals="0" statements="118" coveredstatements="0" elements="138" coveredelements="0"/>
        </class>
        <line num="51" type="method" name="orders" visibility="public" complexity="1" crap="2" count="0"/>
        <line num="53" type="stmt" count="0"/>
        <line num="61" type="method" name="isValidProductionDate" visibility="public" complexity="1" crap="2" count="0"/>
        <line num="63" type="stmt" count="0"/>
        <line num="69" type="method" name="booted" visibility="protected" complexity="1" crap="2" count="0"/>
        <line num="71" type="stmt" count="0"/>
        <line num="72" type="stmt" count="0"/>
        <line num="73" type="stmt" count="0"/>
        <line num="75" type="stmt" count="0"/>
        <line num="76" type="stmt" count="0"/>
        <line num="77" type="stmt" count="0"/>
        <line num="83" type="method" name="validateProductionRules" visibility="private" complexity="7" crap="56" count="0"/>
        <line num="86" type="stmt" count="0"/>
        <line num="87" type="stmt" count="0"/>
        <line num="91" type="stmt" count="0"/>
        <line num="92" type="stmt" count="0"/>
        <line num="93" type="stmt" count="0"/>
        <line num="94" type="stmt" count="0"/>
        <line num="98" type="stmt" count="0"/>
        <line num="99" type="stmt" count="0"/>
        <line num="102" type="stmt" count="0"/>
        <line num="103" type="stmt" count="0"/>
        <line num="112" type="method" name="getAvailableCapacity" visibility="public" complexity="1" crap="2" count="0"/>
        <line num="114" type="stmt" count="0"/>
        <line num="120" type="method" name="canAcceptOrder" visibility="public" complexity="1" crap="2" count="0"/>
        <line num="122" type="stmt" count="0"/>
        <line num="128" type="method" name="reserveCapacity" visibility="public" complexity="2" crap="6" count="0"/>
        <line num="130" type="stmt" count="0"/>
        <line num="131" type="stmt" count="0"/>
        <line num="134" type="stmt" count="0"/>
        <line num="135" type="stmt" count="0"/>
        <line num="137" type="stmt" count="0"/>
        <line num="143" type="method" name="releaseCapacity" visibility="public" complexity="1" crap="2" count="0"/>
        <line num="145" type="stmt" count="0"/>
        <line num="146" type="stmt" count="0"/>
        <line num="154" type="method" name="isWithinOrderingWindow" visibility="public" complexity="1" crap="2" count="0"/>
        <line num="156" type="stmt" count="0"/>
        <line num="157" type="stmt" count="0"/>
        <line num="159" type="stmt" count="0"/>
        <line num="165" type="method" name="canAcceptNewOrders" visibility="public" complexity="3" crap="12" count="0"/>
        <line num="167" type="stmt" count="0"/>
        <line num="168" type="stmt" count="0"/>
        <line num="169" type="stmt" count="0"/>
        <line num="175" type="method" name="getTimeUntilCutoff" visibility="public" complexity="1" crap="2" count="0"/>
        <line num="177" type="stmt" count="0"/>
        <line num="183" type="method" name="getCutoffStatus" visibility="public" complexity="3" crap="12" count="0"/>
        <line num="185" type="stmt" count="0"/>
        <line num="187" type="stmt" count="0"/>
        <line num="188" type="stmt" count="0"/>
        <line num="189" type="stmt" count="0"/>
        <line num="190" type="stmt" count="0"/>
        <line num="191" type="stmt" count="0"/>
        <line num="192" type="stmt" count="0"/>
        <line num="200" type="method" name="generateWeekendSchedules" visibility="public" complexity="1" crap="2" count="0"/>
        <line num="202" type="stmt" count="0"/>
        <line num="203" type="stmt" count="0"/>
        <line num="206" type="stmt" count="0"/>
        <line num="207" type="stmt" count="0"/>
        <line num="209" type="stmt" count="0"/>
        <line num="210" type="stmt" count="0"/>
        <line num="211" type="stmt" count="0"/>
        <line num="212" type="stmt" count="0"/>
        <line num="213" type="stmt" count="0"/>
        <line num="214" type="stmt" count="0"/>
        <line num="216" type="stmt" count="0"/>
        <line num="217" type="stmt" count="0"/>
        <line num="218" type="stmt" count="0"/>
        <line num="219" type="stmt" count="0"/>
        <line num="220" type="stmt" count="0"/>
        <line num="221" type="stmt" count="0"/>
        <line num="223" type="stmt" count="0"/>
        <line num="229" type="method" name="generateWeeklySchedules" visibility="public" complexity="2" crap="6" count="0"/>
        <line num="231" type="stmt" count="0"/>
        <line num="233" type="stmt" count="0"/>
        <line num="234" type="stmt" count="0"/>
        <line num="235" type="stmt" count="0"/>
        <line num="236" type="stmt" count="0"/>
        <line num="238" type="stmt" count="0"/>
        <line num="239" type="stmt" count="0"/>
        <line num="240" type="stmt" count="0"/>
        <line num="241" type="stmt" count="0"/>
        <line num="242" type="stmt" count="0"/>
        <line num="243" type="stmt" count="0"/>
        <line num="245" type="stmt" count="0"/>
        <line num="246" type="stmt" count="0"/>
        <line num="247" type="stmt" count="0"/>
        <line num="248" type="stmt" count="0"/>
        <line num="249" type="stmt" count="0"/>
        <line num="250" type="stmt" count="0"/>
        <line num="253" type="stmt" count="0"/>
        <line num="261" type="method" name="getProductionStats" visibility="public" complexity="1" crap="2" count="0"/>
        <line num="263" type="stmt" count="0"/>
        <line num="265" type="stmt" count="0"/>
        <line num="266" type="stmt" count="0"/>
        <line num="267" type="stmt" count="0"/>
        <line num="268" type="stmt" count="0"/>
        <line num="269" type="stmt" count="0"/>
        <line num="270" type="stmt" count="0"/>
        <line num="271" type="stmt" count="0"/>
        <line num="272" type="stmt" count="0"/>
        <line num="278" type="method" name="getMobileCapacityDisplay" visibility="public" complexity="9" crap="90" count="0"/>
        <line num="280" type="stmt" count="0"/>
        <line num="281" type="stmt" count="0"/>
        <line num="283" type="stmt" count="0"/>
        <line num="284" type="stmt" count="0"/>
        <line num="285" type="stmt" count="0"/>
        <line num="286" type="stmt" count="0"/>
        <line num="287" type="stmt" count="0"/>
        <line num="288" type="stmt" count="0"/>
        <line num="289" type="stmt" count="0"/>
        <line num="292" type="stmt" count="0"/>
        <line num="293" type="stmt" count="0"/>
        <line num="294" type="stmt" count="0"/>
        <line num="295" type="stmt" count="0"/>
        <line num="296" type="stmt" count="0"/>
        <line num="297" type="stmt" count="0"/>
        <line num="299" type="stmt" count="0"/>
        <line num="300" type="stmt" count="0"/>
        <line num="301" type="stmt" count="0"/>
        <line num="302" type="stmt" count="0"/>
        <line num="303" type="stmt" count="0"/>
        <line num="305" type="stmt" count="0"/>
        <line num="306" type="stmt" count="0"/>
        <line num="307" type="stmt" count="0"/>
        <line num="308" type="stmt" count="0"/>
        <line num="309" type="stmt" count="0"/>
        <line num="310" type="stmt" count="0"/>
        <line num="311" type="stmt" count="0"/>
        <line num="316" type="method" name="scopeActive" visibility="public" complexity="1" crap="2" count="0"/>
        <line num="318" type="stmt" count="0"/>
        <line num="321" type="method" name="scopeForDate" visibility="public" complexity="1" crap="2" count="0"/>
        <line num="323" type="stmt" count="0"/>
        <line num="326" type="method" name="scopeUpcoming" visibility="public" complexity="1" crap="2" count="0"/>
        <line num="328" type="stmt" count="0"/>
        <line num="331" type="method" name="scopeAcceptingOrders" visibility="public" complexity="1" crap="2" count="0"/>
        <line num="333" type="stmt" count="0"/>
        <line num="334" type="stmt" count="0"/>
        <line num="335" type="stmt" count="0"/>
        <metrics loc="338" ncloc="282" classes="1" methods="20" coveredmethods="0" conditionals="0" coveredconditionals="0" statements="118" coveredstatements="0" elements="138" coveredelements="0"/>
      </file>
      <file name="/var/www/html/app/Models/SmsVerification.php">
        <class name="App\Models\SmsVerification" namespace="App\Models">
          <metrics complexity="11" methods="9" coveredmethods="0" conditionals="0" coveredconditionals="0" statements="17" coveredstatements="0" elements="26" coveredelements="0"/>
        </class>
        <line num="48" type="method" name="__construct" visibility="public" complexity="1" crap="2" count="0"/>
        <line num="50" type="stmt" count="0"/>
        <line num="51" type="stmt" count="0"/>
        <line num="54" type="method" name="user" visibility="public" complexity="1" crap="2" count="0"/>
        <line num="56" type="stmt" count="0"/>
        <line num="62" type="method" name="isValid" visibility="public" complexity="3" crap="12" count="0"/>
        <line num="64" type="stmt" count="0"/>
        <line num="65" type="stmt" count="0"/>
        <line num="66" type="stmt" count="0"/>
        <line num="72" type="method" name="isExpired" visibility="public" complexity="1" crap="2" count="0"/>
        <line num="74" type="stmt" count="0"/>
        <line num="80" type="method" name="markAsVerified" visibility="public" complexity="1" crap="2" count="0"/>
        <line num="82" type="stmt" count="0"/>
        <line num="83" type="stmt" count="0"/>
        <line num="84" type="stmt" count="0"/>
        <line num="85" type="stmt" count="0"/>
        <line num="91" type="method" name="incrementAttempts" visibility="public" complexity="1" crap="2" count="0"/>
        <line num="93" type="stmt" count="0"/>
        <line num="98" type="method" name="scopeForPhone" visibility="public" complexity="1" crap="2" count="0"/>
        <line num="100" type="stmt" count="0"/>
        <line num="103" type="method" name="scopeValid" visibility="public" complexity="1" crap="2" count="0"/>
        <line num="105" type="stmt" count="0"/>
        <line num="106" type="stmt" count="0"/>
        <line num="107" type="stmt" count="0"/>
        <line num="110" type="method" name="scopeRecent" visibility="public" complexity="1" crap="2" count="0"/>
        <line num="112" type="stmt" count="0"/>
        <metrics loc="115" ncloc="101" classes="1" methods="9" coveredmethods="0" conditionals="0" coveredconditionals="0" statements="17" coveredstatements="0" elements="26" coveredelements="0"/>
      </file>
      <file name="/var/www/html/app/Models/User.php">
        <class name="App\Models\User" namespace="App\Models">
          <metrics complexity="16" methods="10" coveredmethods="2" conditionals="0" coveredconditionals="0" statements="24" coveredstatements="9" elements="34" coveredelements="11"/>
        </class>
        <line num="46" type="method" name="casts" visibility="protected" complexity="1" crap="1" count="1"/>
        <line num="48" type="stmt" count="1"/>
        <line num="49" type="stmt" count="1"/>
        <line num="50" type="stmt" count="1"/>
        <line num="51" type="stmt" count="1"/>
        <line num="52" type="stmt" count="1"/>
        <line num="53" type="stmt" count="1"/>
        <line num="54" type="stmt" count="1"/>
        <line num="55" type="stmt" count="1"/>
        <line num="61" type="method" name="isPhoneVerified" visibility="public" complexity="1" crap="1" count="1"/>
        <line num="63" type="stmt" count="1"/>
        <line num="70" type="method" name="canPlaceOrders" visibility="public" complexity="1" crap="2" count="0"/>
        <line num="72" type="stmt" count="0"/>
        <line num="78" type="method" name="canReceiveSms" visibility="public" complexity="2" crap="6" count="0"/>
        <line num="80" type="stmt" count="0"/>
        <line num="86" type="method" name="canReceiveMarketingSms" visibility="public" complexity="2" crap="6" count="0"/>
        <line num="88" type="stmt" count="0"/>
        <line num="94" type="method" name="hasCompleteProfile" visibility="public" complexity="2" crap="6" count="0"/>
        <line num="96" type="stmt" count="0"/>
        <line num="102" type="method" name="getFormattedPhoneAttribute" visibility="public" complexity="3" crap="12" count="0"/>
        <line num="104" type="stmt" count="0"/>
        <line num="105" type="stmt" count="0"/>
        <line num="109" type="stmt" count="0"/>
        <line num="110" type="stmt" count="0"/>
        <line num="113" type="stmt" count="0"/>
        <line num="119" type="method" name="verifyPhone" visibility="public" complexity="1" crap="2" count="0"/>
        <line num="121" type="stmt" count="0"/>
        <line num="127" type="method" name="unverifyPhone" visibility="public" complexity="1" crap="2" count="0"/>
        <line num="129" type="stmt" count="0"/>
        <line num="135" type="method" name="updateSmsPreferences" visibility="public" complexity="2" crap="6" count="0"/>
        <line num="137" type="stmt" count="0"/>
        <line num="138" type="stmt" count="0"/>
        <line num="139" type="stmt" count="0"/>
        <line num="140" type="stmt" count="0"/>
        <metrics loc="143" ncloc="97" classes="1" methods="10" coveredmethods="2" conditionals="0" coveredconditionals="0" statements="24" coveredstatements="9" elements="34" coveredelements="11"/>
      </file>
    </package>
    <package name="App\Providers">
      <file name="/var/www/html/app/Providers/AppServiceProvider.php">
        <class name="App\Providers\AppServiceProvider" namespace="App\Providers">
          <metrics complexity="4" methods="3" coveredmethods="1" conditionals="0" coveredconditionals="0" statements="16" coveredstatements="12" elements="19" coveredelements="13"/>
        </class>
        <line num="16" type="method" name="register" visibility="public" complexity="2" crap="2.02" count="33"/>
        <line num="19" type="stmt" count="33"/>
        <line num="22" type="stmt" count="33"/>
        <line num="23" type="stmt" count="0"/>
        <line num="24" type="stmt" count="33"/>
        <line num="27" type="stmt" count="33"/>
        <line num="28" type="stmt" count="33"/>
        <line num="35" type="method" name="boot" visibility="public" complexity="1" crap="1" count="33"/>
        <line num="38" type="stmt" count="33"/>
        <line num="44" type="method" name="registerFeatureBladeDirectives" visibility="protected" complexity="1" crap="1.04" count="33"/>
        <line num="47" type="stmt" count="33"/>
        <line num="48" type="stmt" count="0"/>
        <line num="49" type="stmt" count="33"/>
        <line num="52" type="stmt" count="33"/>
        <line num="53" type="stmt" count="0"/>
        <line num="54" type="stmt" count="33"/>
        <line num="57" type="stmt" count="33"/>
        <line num="58" type="stmt" count="0"/>
        <line num="59" type="stmt" count="33"/>
        <metrics loc="62" ncloc="46" classes="1" methods="3" coveredmethods="1" conditionals="0" coveredconditionals="0" statements="16" coveredstatements="12" elements="19" coveredelements="13"/>
      </file>
      <file name="/var/www/html/app/Providers/AuroraServerlessServiceProvider.php">
        <class name="App\Providers\AuroraServerlessServiceProvider" namespace="App\Providers">
          <metrics complexity="12" methods="3" coveredmethods="0" conditionals="0" coveredconditionals="0" statements="51" coveredstatements="12" elements="54" coveredelements="12"/>
        </class>
        <line num="15" type="method" name="register" visibility="public" complexity="6" crap="35.66" count="33"/>
        <line num="17" type="stmt" count="33"/>
        <line num="18" type="stmt" count="0"/>
        <line num="19" type="stmt" count="0"/>
        <line num="28" type="stmt" count="0"/>
        <line num="31" type="stmt" count="0"/>
        <line num="32" type="stmt" count="0"/>
        <line num="33" type="stmt" count="0"/>
        <line num="34" type="stmt" count="0"/>
        <line num="35" type="stmt" count="0"/>
        <line num="36" type="stmt" count="0"/>
        <line num="37" type="stmt" count="0"/>
        <line num="41" type="stmt" count="0"/>
        <line num="42" type="stmt" count="0"/>
        <line num="43" type="stmt" count="0"/>
        <line num="44" type="stmt" count="0"/>
        <line num="50" type="stmt" count="0"/>
        <line num="51" type="stmt" count="0"/>
        <line num="52" type="stmt" count="0"/>
        <line num="53" type="stmt" count="0"/>
        <line num="54" type="stmt" count="0"/>
        <line num="55" type="stmt" count="0"/>
        <line num="60" type="stmt" count="0"/>
        <line num="63" type="stmt" count="0"/>
        <line num="64" type="stmt" count="0"/>
        <line num="67" type="stmt" count="0"/>
        <line num="68" type="stmt" count="0"/>
        <line num="74" type="stmt" count="0"/>
        <line num="75" type="stmt" count="0"/>
        <line num="78" type="stmt" count="0"/>
        <line num="80" type="stmt" count="0"/>
        <line num="82" type="stmt" count="0"/>
        <line num="83" type="stmt" count="33"/>
        <line num="89" type="method" name="boot" visibility="public" complexity="3" crap="4.12" count="33"/>
        <line num="92" type="stmt" count="33"/>
        <line num="93" type="stmt" count="0"/>
        <line num="94" type="stmt" count="0"/>
        <line num="95" type="stmt" count="0"/>
        <line num="99" type="stmt" count="33"/>
        <line num="100" type="stmt" count="33"/>
        <line num="107" type="method" name="optimizeForAuroraServerless" visibility="private" complexity="3" crap="3.88" count="33"/>
        <line num="111" type="stmt" count="33"/>
        <line num="112" type="stmt" count="33"/>
        <line num="115" type="stmt" count="33"/>
        <line num="117" type="stmt" count="0"/>
        <line num="118" type="stmt" count="0"/>
        <line num="121" type="stmt" count="33"/>
        <line num="122" type="stmt" count="33"/>
        <line num="123" type="stmt" count="33"/>
        <line num="124" type="stmt" count="33"/>
        <line num="125" type="stmt" count="0"/>
        <line num="126" type="stmt" count="0"/>
        <line num="127" type="stmt" count="0"/>
        <line num="128" type="stmt" count="0"/>
        <metrics loc="132" ncloc="112" classes="1" methods="3" coveredmethods="0" conditionals="0" coveredconditionals="0" statements="51" coveredstatements="12" elements="54" coveredelements="12"/>
      </file>
    </package>
    <package name="App\Services">
      <file name="/var/www/html/app/Services/FeatureService.php">
        <class name="App\Services\FeatureService" namespace="App\Services">
          <metrics complexity="22" methods="12" coveredmethods="0" conditionals="0" coveredconditionals="0" statements="46" coveredstatements="0" elements="58" coveredelements="0"/>
        </class>
        <line num="20" type="method" name="enabled" visibility="public" complexity="2" crap="6" count="0"/>
        <line num="22" type="stmt" count="0"/>
        <line num="25" type="stmt" count="0"/>
        <line num="26" type="stmt" count="0"/>
        <line num="29" type="stmt" count="0"/>
        <line num="35" type="method" name="disabled" visibility="public" complexity="1" crap="2" count="0"/>
        <line num="37" type="stmt" count="0"/>
        <line num="43" type="method" name="config" visibility="public" complexity="1" crap="2" count="0"/>
        <line num="45" type="stmt" count="0"/>
        <line num="51" type="method" name="anyEnabled" visibility="public" complexity="3" crap="12" count="0"/>
        <line num="53" type="stmt" count="0"/>
        <line num="54" type="stmt" count="0"/>
        <line num="55" type="stmt" count="0"/>
        <line num="59" type="stmt" count="0"/>
        <line num="65" type="method" name="allEnabled" visibility="public" complexity="3" crap="12" count="0"/>
        <line num="67" type="stmt" count="0"/>
        <line num="68" type="stmt" count="0"/>
        <line num="69" type="stmt" count="0"/>
        <line num="73" type="stmt" count="0"/>
        <line num="81" type="method" name="getAllEnabled" visibility="public" complexity="3" crap="12" count="0"/>
        <line num="83" type="stmt" count="0"/>
        <line num="84" type="stmt" count="0"/>
        <line num="86" type="stmt" count="0"/>
        <line num="87" type="stmt" count="0"/>
        <line num="88" type="stmt" count="0"/>
        <line num="92" type="stmt" count="0"/>
        <line num="98" type="method" name="isDevelopmentMode" visibility="public" complexity="1" crap="2" count="0"/>
        <line num="100" type="stmt" count="0"/>
        <line num="103" type="method" name="isStagingMode" visibility="public" complexity="1" crap="2" count="0"/>
        <line num="105" type="stmt" count="0"/>
        <line num="108" type="method" name="isBetaMode" visibility="public" complexity="1" crap="2" count="0"/>
        <line num="110" type="stmt" count="0"/>
        <line num="118" type="method" name="getEnabledPaymentMethods" visibility="public" complexity="4" crap="20" count="0"/>
        <line num="120" type="stmt" count="0"/>
        <line num="122" type="stmt" count="0"/>
        <line num="123" type="stmt" count="0"/>
        <line num="126" type="stmt" count="0"/>
        <line num="127" type="stmt" count="0"/>
        <line num="128" type="stmt" count="0"/>
        <line num="129" type="stmt" count="0"/>
        <line num="133" type="stmt" count="0"/>
        <line num="141" type="method" name="getProductionSchedule" visibility="public" complexity="1" crap="2" count="0"/>
        <line num="143" type="stmt" count="0"/>
        <line num="145" type="stmt" count="0"/>
        <line num="146" type="stmt" count="0"/>
        <line num="147" type="stmt" count="0"/>
        <line num="148" type="stmt" count="0"/>
        <line num="149" type="stmt" count="0"/>
        <line num="150" type="stmt" count="0"/>
        <line num="158" type="method" name="getSmsSettings" visibility="public" complexity="1" crap="2" count="0"/>
        <line num="160" type="stmt" count="0"/>
        <line num="162" type="stmt" count="0"/>
        <line num="163" type="stmt" count="0"/>
        <line num="164" type="stmt" count="0"/>
        <line num="165" type="stmt" count="0"/>
        <line num="166" type="stmt" count="0"/>
        <line num="167" type="stmt" count="0"/>
        <line num="168" type="stmt" count="0"/>
        <metrics loc="171" ncloc="126" classes="1" methods="12" coveredmethods="0" conditionals="0" coveredconditionals="0" statements="46" coveredstatements="0" elements="58" coveredelements="0"/>
      </file>
      <file name="/var/www/html/app/Services/SmsService.php">
        <class name="App\Services\SmsService" namespace="App\Services">
          <metrics complexity="36" methods="24" coveredmethods="0" conditionals="0" coveredconditionals="0" statements="119" coveredstatements="0" elements="143" coveredelements="0"/>
        </class>
        <line num="36" type="method" name="generateVerificationCode" visibility="public" complexity="1" crap="2" count="0"/>
        <line num="38" type="stmt" count="0"/>
        <line num="44" type="method" name="createVerification" visibility="public" complexity="1" crap="2" count="0"/>
        <line num="46" type="stmt" count="0"/>
        <line num="48" type="stmt" count="0"/>
        <line num="49" type="stmt" count="0"/>
        <line num="50" type="stmt" count="0"/>
        <line num="51" type="stmt" count="0"/>
        <line num="52" type="stmt" count="0"/>
        <line num="53" type="stmt" count="0"/>
        <line num="56" type="stmt" count="0"/>
        <line num="57" type="stmt" count="0"/>
        <line num="59" type="stmt" count="0"/>
        <line num="65" type="method" name="sendVerificationCode" visibility="public" complexity="2" crap="6" count="0"/>
        <line num="67" type="stmt" count="0"/>
        <line num="68" type="stmt" count="0"/>
        <line num="71" type="stmt" count="0"/>
        <line num="72" type="stmt" count="0"/>
        <line num="74" type="stmt" count="0"/>
        <line num="80" type="method" name="verifyCode" visibility="public" complexity="5" crap="30" count="0"/>
        <line num="82" type="stmt" count="0"/>
        <line num="83" type="stmt" count="0"/>
        <line num="84" type="stmt" count="0"/>
        <line num="85" type="stmt" count="0"/>
        <line num="86" type="stmt" count="0"/>
        <line num="87" type="stmt" count="0"/>
        <line num="88" type="stmt" count="0"/>
        <line num="90" type="stmt" count="0"/>
        <line num="91" type="stmt" count="0"/>
        <line num="94" type="stmt" count="0"/>
        <line num="96" type="stmt" count="0"/>
        <line num="97" type="stmt" count="0"/>
        <line num="100" type="stmt" count="0"/>
        <line num="101" type="stmt" count="0"/>
        <line num="103" type="stmt" count="0"/>
        <line num="111" type="method" name="canSendVerification" visibility="public" complexity="1" crap="2" count="0"/>
        <line num="113" type="stmt" count="0"/>
        <line num="114" type="stmt" count="0"/>
        <line num="115" type="stmt" count="0"/>
        <line num="116" type="stmt" count="0"/>
        <line num="118" type="stmt" count="0"/>
        <line num="124" type="method" name="getTimeUntilNextAttempt" visibility="public" complexity="3" crap="12" count="0"/>
        <line num="126" type="stmt" count="0"/>
        <line num="127" type="stmt" count="0"/>
        <line num="130" type="stmt" count="0"/>
        <line num="131" type="stmt" count="0"/>
        <line num="132" type="stmt" count="0"/>
        <line num="133" type="stmt" count="0"/>
        <line num="134" type="stmt" count="0"/>
        <line num="136" type="stmt" count="0"/>
        <line num="137" type="stmt" count="0"/>
        <line num="140" type="stmt" count="0"/>
        <line num="146" type="method" name="getInitialDelay" visibility="public" complexity="1" crap="2" count="0"/>
        <line num="148" type="stmt" count="0"/>
        <line num="154" type="method" name="getPenaltyDelay" visibility="public" complexity="1" crap="2" count="0"/>
        <line num="156" type="stmt" count="0"/>
        <line num="157" type="stmt" count="0"/>
        <line num="158" type="stmt" count="0"/>
        <line num="159" type="stmt" count="0"/>
        <line num="162" type="stmt" count="0"/>
        <line num="170" type="method" name="sendOrderConfirmation" visibility="public" complexity="1" crap="2" count="0"/>
        <line num="172" type="stmt" count="0"/>
        <line num="174" type="stmt" count="0"/>
        <line num="180" type="method" name="sendReadyNotification" visibility="public" complexity="1" crap="2" count="0"/>
        <line num="182" type="stmt" count="0"/>
        <line num="184" type="stmt" count="0"/>
        <line num="192" type="method" name="sendUserVerification" visibility="public" complexity="2" crap="6" count="0"/>
        <line num="194" type="stmt" count="0"/>
        <line num="197" type="stmt" count="0"/>
        <line num="198" type="stmt" count="0"/>
        <line num="199" type="stmt" count="0"/>
        <line num="200" type="stmt" count="0"/>
        <line num="202" type="stmt" count="0"/>
        <line num="203" type="stmt" count="0"/>
        <line num="206" type="stmt" count="0"/>
        <line num="207" type="stmt" count="0"/>
        <line num="209" type="stmt" count="0"/>
        <line num="211" type="stmt" count="0"/>
        <line num="217" type="method" name="verifyUserPhone" visibility="public" complexity="2" crap="6" count="0"/>
        <line num="219" type="stmt" count="0"/>
        <line num="220" type="stmt" count="0"/>
        <line num="223" type="stmt" count="0"/>
        <line num="224" type="stmt" count="0"/>
        <line num="225" type="stmt" count="0"/>
        <line num="226" type="stmt" count="0"/>
        <line num="228" type="stmt" count="0"/>
        <line num="236" type="method" name="formatVerificationCode" visibility="public" complexity="1" crap="2" count="0"/>
        <line num="238" type="stmt" count="0"/>
        <line num="244" type="method" name="formatOrderConfirmation" visibility="public" complexity="1" crap="2" count="0"/>
        <line num="246" type="stmt" count="0"/>
        <line num="248" type="stmt" count="0"/>
        <line num="254" type="method" name="formatReadyNotification" visibility="public" complexity="1" crap="2" count="0"/>
        <line num="256" type="stmt" count="0"/>
        <line num="262" type="method" name="formatMarketingMessage" visibility="public" complexity="1" crap="2" count="0"/>
        <line num="264" type="stmt" count="0"/>
        <line num="270" type="method" name="getMessageTemplates" visibility="public" complexity="1" crap="2" count="0"/>
        <line num="272" type="stmt" count="0"/>
        <line num="273" type="stmt" count="0"/>
        <line num="274" type="stmt" count="0"/>
        <line num="275" type="stmt" count="0"/>
        <line num="276" type="stmt" count="0"/>
        <line num="277" type="stmt" count="0"/>
        <line num="285" type="method" name="sendSmsWithRetry" visibility="private" complexity="2" crap="6" count="0"/>
        <line num="287" type="stmt" count="0"/>
        <line num="289" type="stmt" count="0"/>
        <line num="290" type="stmt" count="0"/>
        <line num="291" type="stmt" count="0"/>
        <line num="292" type="stmt" count="0"/>
        <line num="293" type="stmt" count="0"/>
        <line num="294" type="stmt" count="0"/>
        <line num="295" type="stmt" count="0"/>
        <line num="298" type="stmt" count="0"/>
        <line num="304" type="method" name="sendSms" visibility="private" complexity="2" crap="6" count="0"/>
        <line num="306" type="stmt" count="0"/>
        <line num="308" type="stmt" count="0"/>
        <line num="309" type="stmt" count="0"/>
        <line num="310" type="stmt" count="0"/>
        <line num="311" type="stmt" count="0"/>
        <line num="312" type="stmt" count="0"/>
        <line num="313" type="stmt" count="0"/>
        <line num="314" type="stmt" count="0"/>
        <line num="316" type="stmt" count="0"/>
        <line num="317" type="stmt" count="0"/>
        <line num="318" type="stmt" count="0"/>
        <line num="319" type="stmt" count="0"/>
        <line num="320" type="stmt" count="0"/>
        <line num="322" type="stmt" count="0"/>
        <line num="326" type="stmt" count="0"/>
        <line num="327" type="stmt" count="0"/>
        <line num="328" type="stmt" count="0"/>
        <line num="329" type="stmt" count="0"/>
        <line num="331" type="stmt" count="0"/>
        <line num="339" type="method" name="validatePhoneNumber" visibility="private" complexity="2" crap="6" count="0"/>
        <line num="342" type="stmt" count="0"/>
        <line num="343" type="stmt" count="0"/>
        <line num="352" type="method" name="setMockFailure" visibility="public" complexity="1" crap="2" count="0"/>
        <line num="354" type="stmt" count="0"/>
        <line num="360" type="method" name="getFailedNotifications" visibility="public" complexity="1" crap="2" count="0"/>
        <line num="362" type="stmt" count="0"/>
        <line num="368" type="method" name="getQueuedRetries" visibility="public" complexity="1" crap="2" count="0"/>
        <line num="370" type="stmt" count="0"/>
        <line num="376" type="method" name="getLastError" visibility="public" complexity="1" crap="2" count="0"/>
        <line num="378" type="stmt" count="0"/>
        <metrics loc="381" ncloc="294" classes="1" methods="24" coveredmethods="0" conditionals="0" coveredconditionals="0" statements="119" coveredstatements="0" elements="143" coveredelements="0"/>
      </file>
    </package>
    <file name="/var/www/html/app/Support/helpers.php">
      <line num="8" type="stmt" count="0"/>
      <line num="14" type="stmt" count="0"/>
      <line num="18" type="stmt" count="0"/>
      <line num="24" type="stmt" count="0"/>
      <line num="28" type="stmt" count="0"/>
      <line num="34" type="stmt" count="0"/>
      <line num="38" type="stmt" count="0"/>
      <line num="44" type="stmt" count="0"/>
      <line num="48" type="stmt" count="0"/>
      <line num="54" type="stmt" count="0"/>
      <metrics loc="57" ncloc="42" classes="0" methods="0" coveredmethods="0" conditionals="0" coveredconditionals="0" statements="10" coveredstatements="0" elements="10" coveredelements="0"/>
    </file>
    <package name="App\View\Components">
      <file name="/var/www/html/app/View/Components/AppLayout.php">
        <class name="App\View\Components\AppLayout" namespace="App\View\Components">
          <metrics complexity="1" methods="1" coveredmethods="0" conditionals="0" coveredconditionals="0" statements="1" coveredstatements="0" elements="2" coveredelements="0"/>
        </class>
        <line num="13" type="method" name="render" visibility="public" complexity="1" crap="2" count="0"/>
        <line num="15" type="stmt" count="0"/>
        <metrics loc="18" ncloc="15" classes="1" methods="1" coveredmethods="0" conditionals="0" coveredconditionals="0" statements="1" coveredstatements="0" elements="2" coveredelements="0"/>
      </file>
      <file name="/var/www/html/app/View/Components/GuestLayout.php">
        <class name="App\View\Components\GuestLayout" namespace="App\View\Components">
          <metrics complexity="1" methods="1" coveredmethods="0" conditionals="0" coveredconditionals="0" statements="1" coveredstatements="0" elements="2" coveredelements="0"/>
        </class>
        <line num="13" type="method" name="render" visibility="public" complexity="1" crap="2" count="0"/>
        <line num="15" type="stmt" count="0"/>
        <metrics loc="18" ncloc="15" classes="1" methods="1" coveredmethods="0" conditionals="0" coveredconditionals="0" statements="1" coveredstatements="0" elements="2" coveredelements="0"/>
      </file>
    </package>
    <metrics files="30" loc="3202" ncloc="2597" classes="28" methods="188" coveredmethods="20" conditionals="0" coveredconditionals="0" statements="951" coveredstatements="118" elements="1139" coveredelements="138"/>
  </project>
</coverage>
